癤풞dmWarning : 쨉챕횒짠횎짠횎횗횂횉챔횘 [0]Newz 찾짧챕창쨩횄창징짠횪짠횚쨔 짢횙쨔횉쨔쨌횛챔횪횎징 : $9900 
AdmWarning : 쨉챕횒짠횎짠횎횗횂횉챔횘 [0]Newz 찾짧챕창쨩횄창징짠횪짠횚쨔 짢횙쨔횉쨔쨌횛챔횪횎징 : $7000 
AdmWarning : 쨉챕횒짠횎짠횎횗횂횉챔횘 [0]Newz 찾짧챕창쨩횄창징짠횪짠횚쨔 짢횙쨔횉쨔쨌횛챔횪횎징 : $7000 
AdmWarning : 쨉챕횒짠횎짠횎횗횂횉챔횘 [0]Newz 찾짧챕창쨩횄창징짠횪짠횚쨔 짢횙쨔횉쨔쨌횛챔횪횎징 : $7000 
AdmWarning : 쨉챕횒짠횎짠횎횗횂횉챔횘 [0]Newz 찾짧챕창쨩횄창징짠횪짠횚쨔 짢횙쨔횉쨔쨌횛챔횪횎징 : $7000 
AdmWarning : 쨉챕횒짠횎짠횎횗횂횉챔횘 [0]Newz 찾짧챕창쨩횄창징짠횪짠횚쨔 짢횙쨔횉쨔쨌횛챔횪횎징 : $7000 
AdmWarning : 쨉챕횒짠횎짠횎횗횂횉챔횘 [0]Newz 찾짧챕창쨩횄창징짠횪짠횚쨔 짢횙쨔횉쨔쨌횛챔횪횎징 : $7000 
AdmWarning : 쨉챕횒짠횎짠횎횗횂횉챔횘 [0]Newz 찾짧챕창쨩횄창징짠횪짠횚쨔 짢횙쨔횉쨔쨌횛챔횪횎징 : $9900 
AdmWarning : 쨉챕횒짠횎짠횎횗횂횉챔횘 [0]Newz 찾짧챕창쨩횄창징짠횪짠횚쨔 짢횙쨔횉쨔쨌횛챔횪횎징 : $7000 
AdmWarning : 쨉챕횒짠횎짠횎횗횂횉챔횘 [0]Newz 찾짧챕창쨩횄창징짠횪짠횚쨔 짢횙쨔횉쨔쨌횛챔횪횎징 : $9900 
AdmWarning : 쨉챕횒짠횎짠횎횗횂횉챔횘 [0]Newz 찾짧챕창쨩횄창징짠횪짠횚쨔 짢횙쨔횉쨔쨌횛챔횪횎징 : $9900 
AdmWarning : 쨉챕횒짠횎짠횎횗횂횉챔횘 [0]Newz 찾짧챕창쨩횄창징짠횪짠횚쨔 짢횙쨔횉쨔쨌횛챔횪횎징 : $2000 
AdmWarning : 쨉챕횒짠횎짠횎횗횂횉챔횘 [0]Newz 찾짧챕창쨩횄창징짠횪짠횚쨔 짢횙쨔횉쨔쨌횛챔횪횎징 : $2000 
AdmWarning : 쨉챕횒짠횎짠횎횗횂횉챔횘 [0]Newz 찾짧챕창쨩횄창징짠횪짠횚쨔 짢횙쨔횉쨔쨌횛챔횪횎징 : $2000 
AdmWarning : 쨉챕횒짠횎짠횎횗횂횉챔횘 [0]Newz 찾짧챕창쨩횄창징짠횪짠횚쨔 짢횙쨔횉쨔쨌횛챔횪횎징 : $2000 
AdmWarning : 쨉챕횒짠횎짠횎횗횂횉챔횘 [0]Newz 찾짧챕창쨩횄창징짠횪짠횚쨔 짢횙쨔횉쨔쨌횛챔횪횎징 : $2000 
AdmWarning : 쨉챕횒짠횎짠횎횗횂횉챔횘 [0]Newz 찾짧챕창쨩횄창징짠횪짠횚쨔 짢횙쨔횉쨔쨌횛챔횪횎징 : $1900 
AdmWarning : 쨉챕횒짠횎짠횎횗횂횉챔횘 [0]Newz 찾짧챕창쨩횄창징짠횪짠횚쨔 짢횙쨔횉쨔쨌횛챔횪횎징 : $7000 
AdmWarning : 쨉챕횒짠횎짠횎횗횂횉챔횘 [0]Newz 찾짧챕창쨩횄창징짠횪짠횚쨔 짢횙쨔횉쨔쨌횛챔횪횎징 : $7000 
AdmWarning : 쨉챕횒짠횎짠횎횗횂횉챔횘 [0]Newz 찾짧챕창쨩횄창징짠횪짠횚쨔 짢횙쨔횉쨔쨌횛챔횪횎징 : $7000 
AdmWarning : 쨉챕횒짠횎짠횎횗횂횉챔횘 [0]Newz 찾짧챕창쨩횄창징짠횪짠횚쨔 짢횙쨔횉쨔쨌횛챔횪횎징 : $2000 
AdmWarning : 쨉챕횒짠횎짠횎횗횂횉챔횘 [0]Newz 찾짧챕창쨩횄창징짠횪짠횚쨔 짢횙쨔횉쨔쨌횛챔횪횎징 : $2000 
AdmWarning : 쨉챕횒짠횎짠횎횗횂횉챔횘 [0]Newz 찾짧챕창쨩횄창징짠횪짠횚쨔 짢횙쨔횉쨔쨌횛챔횪횎징 : $2000 
AdmWarning : 쨉챕횒짠횎짠횎횗횂횉챔횘 [0]Newz 찾짧챕창쨩횄창징짠횪짠횚쨔 짢횙쨔횉쨔쨌횛챔횪횎징 : $2000 
AdmWarning : 쨉챕횒짠횎짠횎횗횂횉챔횘 [0]Newz 찾짧챕창쨩횄창징짠횪짠횚쨔 짢횙쨔횉쨔쨌횛챔횪횎징 : $2000 
AdmWarning : 쨉챕횒짠횎짠횎횗횂횉챔횘 [0]Newz 찾짧챕창쨩횄창징짠횪짠횚쨔 짢횙쨔횉쨔쨌횛챔횪횎징 : $2000 
AdmWarning : 쨉챕횒짠횎짠횎횗횂횉챔횘 [0]Newz 찾짧챕창쨩횄창징짠횪짠횚쨔 짢횙쨔횉쨔쨌횛챔횪횎징 : $3000 
AdmWarning : 쨉챕횒짠횎짠횎횗횂횉챔횘 [0]Newz 찾짧챕창쨩횄창징짠횪짠횚쨔 짢횙쨔횉쨔쨌횛챔횪횎징 : $5000 
AdmWarning : 쨉챕횒짠횎짠횎횗횂횉챔횘 [0]Newz 찾짧챕창쨩횄창징짠횪짠횚쨔 짢횙쨔횉쨔쨌횛챔횪횎징 : $5000 
AdmWarning : 쨉챕횒짠횎짠횎횗횂횉챔횘 [0]Newz 찾짧챕창쨩횄창징짠횪짠횚쨔 짢횙쨔횉쨔쨌횛챔횪횎징 : $5000 
AdmWarning : 쨉챕횒짠횎짠횎횗횂횉챔횘 [0]Newz 찾짧챕창쨩횄창징짠횪짠횚쨔 짢횙쨔횉쨔쨌횛챔횪횎징 : $5000 
AdmWarning : 쨉챕횒짠횎짠횎횗횂횉챔횘 [0]Newz 찾짧챕창쨩횄창징짠횪짠횚쨔 짢횙쨔횉쨔쨌횛챔횪횎징 : $5100 
AdmWarning : 쨉챕횒짠횎짠횎횗횂횉챔횘 [0]Newz 찾짧챕창쨩횄창징짠횪짠횚쨔 짢횙쨔횉쨔쨌횛챔횪횎징 : $5100 
AdmWarning : 쨉챕횒짠횎짠횎횗횂횉챔횘 [0]Newz 찾짧챕창쨩횄창징짠횪짠횚쨔 짢횙쨔횉쨔쨌횛챔횪횎징 : $5100 
AdmWarning : 쨉챕횒짠횎짠횎횗횂횉챔횘 [0]Newz 찾짧챕창쨩횄창징짠횪짠횚쨔 짢횙쨔횉쨔쨌횛챔횪횎징 : $5100 
AdmWarning : 쨉챕횒짠횎짠횎횗횂횉챔횘 [0]Newz 찾짧챕창쨩횄창징짠횪짠횚쨔 짢횙쨔횉쨔쨌횛챔횪횎징 : $5100 
AdmWarning : 쨉챕횒짠횎짠횎횗횂횉챔횘 [0]Newz 찾짧챕창쨩횄창징짠횪짠횚쨔 짢횙쨔횉쨔쨌횛챔횪횎징 : $5100 
AdmWarning : 쨉챕횒짠횎짠횎횗횂횉챔횘 [0]Newz 찾짧챕창쨩횄창징짠횪짠횚쨔 짢횙쨔횉쨔쨌횛챔횪횎징 : $5100 
AdmWarning : 쨉챕횒짠횎짠횎횗횂횉챔횘 [0]Newz 찾짧챕창쨩횄창징짠횪짠횚쨔 짢횙쨔횉쨔쨌횛챔횪횎징 : $5100 
AdmWarning : 쨉챕횒짠횎짠횎횗횂횉챔횘 [0]Newz 찾짧챕창쨩횄창징짠횪짠횚쨔 짢횙쨔횉쨔쨌횛챔횪횎징 : $2100 
AdmWarning : 쨉챕횒짠횎짠횎횗횂횉챔횘 [0]Newz 찾짧챕창쨩횄창징짠횪짠횚쨔 짢횙쨔횉쨔쨌횛챔횪횎징 : $2100 
AdmWarning : 쨉챕횒짠횎짠횎횗횂횉챔횘 [0]Newz 찾짧챕창쨩횄창징짠횪짠횚쨔 짢횙쨔횉쨔쨌횛챔횪횎징 : $2100 
AdmWarning : 쨉챕횒짠횎짠횎횗횂횉챔횘 [0]Test 찾짧챕창쨩횄창징짠횪짠횚쨔 짢횙쨔횉쨔쨌횛챔횪횎징 : $100 
AdmWarning : 쨉챕횒짠횎짠횎횗횂횉챔횘 [0]Newz 찾짧챕창쨩횄창징짠횪짠횚쨔 짢횙쨔횉쨔쨌횛챔횪횎징 : $3100 
AdmWarning : 쨉챕횒짠횎짠횎횗횂횉챔횘 [0]Newz 찾짧챕창쨩횄창징짠횪짠횚쨔 짢횙쨔횉쨔쨌횛챔횪횎징 : $3100 
AdmWarning : 쨉챕횒짠횎짠횎횗횂횉챔횘 [0]Newz 찾짧챕창쨩횄창징짠횪짠횚쨔 짢횙쨔횉쨔쨌횛챔횪횎징 : $3100 
AdmWarning : 쨉챕횒짠횎짠횎횗횂횉챔횘 [0]Newz 찾짧챕창쨩횄창징짠횪짠횚쨔 짢횙쨔횉쨔쨌횛챔횪횎징 : $3100 
AdmWarning : 쨉챕횒짠횎짠횎횗횂횉챔횘 [0]newz 찾짧챕창쨩횄창징짠횪짠횚쨔 짢횙쨔횉쨔쨌횛챔횪횎징 : $3100 
AdmWarning : 쨉챕횒짠횎짠횎횗횂횉챔횘 [0]newz 찾짧챕창쨩횄창징짠횪짠횚쨔 짢횙쨔횉쨔쨌횛챔횪횎징 : $3100 
AdmWarning : 쨉챕횒짠횎짠횎횗횂횉챔횘 [0]newz 찾짧챕창쨩횄창징짠횪짠횚쨔 짢횙쨔횉쨔쨌횛챔횪횎징 : $3100 
AdmWarning : 쨉챕횒짠횎짠횎횗횂횉챔횘 [0]new 찾짧챕창쨩횄창징짠횪짠횚쨔 짢횙쨔횉쨔쨌횛챔횪횎징 : $100 
AdmWarning : 쨉챕횒짠횎짠횎횗횂횉챔횘 [0]newz 찾짧챕창쨩횄창징짠횪짠횚쨔 짢횙쨔횉쨔쨌횛챔횪횎징 : $3100 
AdmWarning : 쨉챕횒짠횎짠횎횗횂횉챔횘 [0]newz 찾짧챕창쨩횄창징짠횪짠횚쨔 짢횙쨔횉쨔쨌횛챔횪횎징 : $3100 
AdmWarning : 쨉챕횒짠횎짠횎횗횂횉챔횘 [0]xnewz 찾짧챕창쨩횄창징짠횪짠횚쨔 짢횙쨔횉쨔쨌횛챔횪횎징 : $100 
