You: [[TF141]LT_Miller] Delete Veh ID: 1826
You: [[TF141]LT_Miller] Delete Veh ID: 1827
You: [[TF141]LT_Miller] Delete Veh ID: 1826
You: [[TF141]LT_Miller] Delete Veh ID: 1830
You: [[TF141]LT_Miller] Delete Veh ID: 1828
You: [[TF141]LT_Miller] Delete Veh ID: 1829
You: [[TF141]LT_Miller] Delete Veh ID: 1825
You: [[TF141]LT_Miller] Delete Veh ID: 1826
You: [[TF141]LT_Miller] Delete Veh ID: 1828
You: [[TF141]LT_Miller] Delete Veh ID: 1826
You: [[TF141]LT_Miller] Delete Veh ID: 1826
You: [[TF141]LT_Miller] Delete Veh ID: 1904
You: [[TF141]LT_Miller] Delete Veh ID: 1900
You: [[TF141]LT_Miller] Delete Veh ID: 1902
You: [[TF141]LT_Miller] Delete Veh ID: 1903
You: [[TF141]LT_Miller] Delete Veh ID: 1905
You: [[TF141]LT_Miller] Delete Veh ID: 1861
You: [[TF141]LT_Miller] Delete Veh ID: 1860
You: [[TF141]LT_Miller] Delete Veh ID: 1863
You: [[TF141]LT_Miller] Delete Veh ID: 1862
You: [[TF141]LT_Miller] Delete Veh ID: 1860
You: [[TF141]LT_Miller] Delete Veh ID: 1861
You: [[TF141]LT_Miller] Delete Veh ID: 1861
You: [[TF141]LT_Miller] Delete Veh ID: 1860
You: [@Cyber_[A]dmin] Delete Veh ID: 1866
You: [@Cyber_[A]dmin] Delete Veh ID: 1864
You: [@Cyber_[A]dmin] Delete Veh ID: 0
You: [@Cyber_[A]dmin] Delete Veh ID: 1865
You: [[TF141]LT_Miller] Delete Veh ID: 1862
You: [[TF141]LT_Miller] Delete Veh ID: 1862
You: [@Cyber_Police2] Delete Veh ID: 1869
You: [@Cyber_Police2] Delete Veh ID: 1861
You: [@Cyber_Police2] Delete Veh ID: 1860
You: [@Cyber_Police2] Delete Veh ID: 1869
You: [@Cyber_Police2] Delete Veh ID: 1873
You: [@Cyber_Police2] Delete Veh ID: 1860
You: [@Cyber_Police2] Delete Veh ID: 1874
You: [@Cyber_[A]dmin] Delete Veh ID: 1860
You: [@Cyber_[A]dmin] Delete Veh ID: 1787
You: [@Cyber_[A]dmin] Delete Veh ID: 1787
You: [@Cyber_[A]dmin] Delete Veh ID: 1860
You: [@Cyber_[A]dmin] Delete Veh ID: 1787
You: [@Cyber_[A]dmin] Delete Veh ID: 1787
You: [@Cyber_[A]dmin] Delete Veh ID: 1860
You: [@Cyber_[A]dmin] Delete Veh ID: 1860
You: [@Cyber_[A]dmin] Delete Veh ID: 1860
You: [@Cyber_[A]dmin] Delete Veh ID: 1863
You: [@Cyber_[A]dmin] Delete Veh ID: 1864
You: [@Cyber_[A]dmin] Delete Veh ID: 1860
You: [@Cyber_[A]dmin] Delete Veh ID: 1861
You: [@Cyber_[A]dmin] Delete Veh ID: 1862
You: [@Cyber_[A]dmin] Delete Veh ID: 1860
You: [@Cyber_[A]dmin] Delete Veh ID: 1863
You: [@Cyber_[A]dmin] Delete Veh ID: 1861
You: [@Cyber_[A]dmin] Delete Veh ID: 1862
You: [[B]ot_[S]erver] Delete Veh ID: 1787
You: [[B]ot_[S]erver] Delete Veh ID: 1860
You: [[B]ot_[S]erver] Delete Veh ID: 1787
You: [[B]ot_[S]erver] Delete Veh ID: 1830
You: [[B]ot_[S]erver] Delete Veh ID: 1830
You: [[B]ot_[S]erver] Delete Veh ID: 1787
You: [[B]ot_[S]erver] Delete Veh ID: 1830
You: [[B]ot_[S]erver] Delete Veh ID: 1787
You: [[B]ot_[S]erver] Delete Veh ID: 1861
You: [[B]ot_[S]erver] Delete Veh ID: 1861
You: [@Cyber_[S]ervice] Delete Veh ID: 1787
You: [@Cyber_[S]ervice] Delete Veh ID: 0
You: [@Cyber_[S]ervice] Delete Veh ID: 1861
You: [@Cyber_[S]ervice] Delete Veh ID: 1860
You: [@Cyber_[S]ervice] Delete Veh ID: 0
You: [@Cyber_[S]ervice] Delete Veh ID: 1860
You: [@Cyber_[S]ervice] Delete Veh ID: 0
You: [@Cyber_[S]ervice] Delete Veh ID: 1862
You: [@Cyber_[S]ervice] Delete Veh ID: 1861
You: [[B]ot_[S]erver] Delete Veh ID: 1787
You: [GM_First] Delete Veh ID: 1900
You: [GM_First] Delete Veh ID: 1901
You: [GM_First] Delete Veh ID: 1901
You: [GM_First] Delete Veh ID: 1901
You: [@Cyber_[S]ervice] Delete Veh ID: 1901
You: [GM_First] Delete Veh ID: 1902
You: [@Cyber_[A]dmin] Delete Veh ID: 1787
You: [[B]ot_[S]erver] Delete Veh ID: 1787
You: [[B]ot_[S]erver] Delete Veh ID: 1787
You: [GM_First] Delete Veh ID: 1901
You: [GM_First] Delete Veh ID: 1901
You: [GM_First] Delete Veh ID: 1901
You: [GM_First] Delete Veh ID: 1901
You: [@Cyber_[A]dmin] Delete Veh ID: 1787
You: [@Cyber_[A]dmin] Delete Veh ID: 1787
You: [@Cyber_[A]dmin] Delete Veh ID: 1901
You: [@Cyber_[A]dmin] Delete Veh ID: 1787
You: [@Cyber_[A]dmin] Delete Veh ID: 1901
You: [@Cyber_[A]dmin] Delete Veh ID: 1787
You: [GM_First] Delete Veh ID: 1901
You: [GM_First] Delete Veh ID: 1901
You: [@Cyber_[A]dmin] Delete Veh ID: 1901
You: [GM_First] Delete Veh ID: 1904
You: [GM_First] Delete Veh ID: 1904
You: [GM_First] Delete Veh ID: 1904
You: [@First_X] Delete Veh ID: 1906
You: [@First_X] Delete Veh ID: 1906
You: [@First_X] Delete Veh ID: 0
You: [@First_X] Delete Veh ID: 1905
You: [@First_X] Delete Veh ID: 1907
You: [@Cyber_[A]dmin] Delete Veh ID: 1900
You: [@Cyber_[A]dmin] Delete Veh ID: 1903
You: [@Cyber_[A]dmin] Delete Veh ID: 1904
You: [@Cyber_[A]dmin] Delete Veh ID: 1902
You: [@Cyber_[A]dmin] Delete Veh ID: 1901
You: [@Cyber_[A]dmin] Delete Veh ID: 1905
You: [@Cyber_[A]dmin] Delete Veh ID: 1900
You: [@Cyber_[A]dmin] Delete Veh ID: 1901
You: [@Cyber_[A]dmin] Delete Veh ID: 1902
You: [@Cyber_[A]dmin] Delete Veh ID: 1904
You: [@Cyber_[A]dmin] Delete Veh ID: 1905
You: [@Cyber_[A]dmin] Delete Veh ID: 1903
You: [@Cyber_[A]dmin] Delete Veh ID: 1900
You: [@Cyber_[A]dmin] Delete Veh ID: 1906
You: [@Cyber_[A]dmin] Delete Veh ID: 1901
You: [@Cyber_[A]dmin] Delete Veh ID: 1900
You: [@Cyber_[A]dmin] Delete Veh ID: 1900
You: [@Cyber_[A]dmin] Delete Veh ID: 1901
You: [@Cyber_[A]dmin] Delete Veh ID: 1903
You: [@Cyber_[A]dmin] Delete Veh ID: 1903
You: [@Cyber_[A]dmin] Delete Veh ID: 1900
You: [@Cyber_[A]dmin] Delete Veh ID: 1901
You: [@Cyber_[A]dmin] Delete Veh ID: 1903
You: [@Cyber_[A]dmin] Delete Veh ID: 1905
You: [@Cyber_[A]dmin] Delete Veh ID: 1905
You: [@Cyber_[S]ervice] Delete Veh ID: 1901
You: [@Cyber_[S]ervice] Delete Veh ID: 1902
You: [@Cyber_[S]ervice] Delete Veh ID: 1901
You: [@nYc] Delete Veh ID: 1573
