You: [_Ezio1554_] buy NGR500 90 point 
You: [_Ezio1554_] buy Infernus 150 MpPoint 
You: [_Ezio1554_] buy premium account 90 point 
You: [lokwhay] buy premium account 90 point 
You: [PEEPE1] buy premium account 90 point 
You: [[Te]stcing.no003] buy premium account 90 point 
You: [PONDZADX123] buy premium account 90 point 
You: [[D]eW_[T]hailand] buy premium account 90 point 
You: [KuyAunKunG] buy premium account 90 point 
You: [@Cyber_Max] buy Vip account 250 point 
You: [@Cyber_[S]ervice] buy Vip account 250 point 
You: [oum_] buy premium account 90 point 
You: [improckza] buy premium account 90 point 
You: [_[Fluk.Killer_[AD]] buy premium account 90 point 
You: [okpaza12] buy premium account 90 point 
You: [25hours9] buy premium account 90 point 
You: [bird0211] buy premium account 90 point 
You: [Sungtar] buy premium account 90 point 
You: [bird0211] buy premium account 90 point 
You: [Ao_Indy] buy premium account 90 point 
You: [@Cyber_Police2] buy premium account 90 point 
You: [_.Mr._.]King[] buy premium account 90 point 
You: [RickyNNON] buy premium account 90 point 
You: [[T]ime.] buy premium account 90 point 
You: [LocartMG.] buy premium account 90 point 
You: [[T]ime] buy premium account 90 point 
You: [@Cyber_Chanon] buy premium account 90 point 
You: [._Boy_.] buy premium account 90 point 
You: [3G_HD] buy premium account 90 point 
You: [Dicksobig] buy premium account 90 point 
You: [Soriiaa] buy premium account 90 point 
You: [[ADMIV].ASW] buy premium account 90 point 
You: [@Cyber_ZEED] buy premium account 90 point 
You: [2211] buy premium account 90 point 
You: [Cyber_Admis] buy premium account 90 point 
You: [@newz] buy ChayaLogin 1000 point 
You: [nYc] buy ChayaLogin 1000 point 
